[01:45:08] Epoch 1
BLEU Score : 0.0000
CIDEr Score: 0.0000
BLEU-1: 0.1081
BLEU-2: 0.0410
BLEU-3: 0.0234
BLEU-4: 0.0154
BLEU-avg: 0.0470
CIDEr: 0.0347
----------------------------------------
[03:36:40] Epoch 2
BLEU Score : 0.0000
CIDEr Score: 0.0000
BLEU-1: 0.1026
BLEU-2: 0.0394
BLEU-3: 0.0230
BLEU-4: 0.0153
BLEU-avg: 0.0451
CIDEr: 0.0408
----------------------------------------
[05:28:11] Epoch 3
BLEU Score : 0.0000
CIDEr Score: 0.0000
BLEU-1: 0.1201
BLEU-2: 0.0445
BLEU-3: 0.0253
BLEU-4: 0.0166
BLEU-avg: 0.0516
CIDEr: 0.0495
----------------------------------------
[07:19:42] Epoch 4
BLEU Score : 0.0000
CIDEr Score: 0.0000
BLEU-1: 0.1140
BLEU-2: 0.0453
BLEU-3: 0.0263
BLEU-4: 0.0174
BLEU-avg: 0.0508
CIDEr: 0.0442
----------------------------------------
[08:46:11] Epoch 1
BLEU Score : 0.0000
CIDEr Score: 0.0000
BLEU-1: 0.1763
BLEU-2: 0.1503
BLEU-3: 0.1282
BLEU-4: 0.1062
BLEU-avg: 0.1402
CIDEr: 0.1886
----------------------------------------
[08:47:10] Epoch 2
BLEU Score : 0.0000
CIDEr Score: 0.0000
BLEU-1: 0.1897
BLEU-2: 0.1635
BLEU-3: 0.1421
BLEU-4: 0.1200
BLEU-avg: 0.1538
CIDEr: 0.2866
----------------------------------------
[08:48:09] Epoch 3
BLEU Score : 0.0000
CIDEr Score: 0.0000
BLEU-1: 0.2060
BLEU-2: 0.1791
BLEU-3: 0.1565
BLEU-4: 0.1324
BLEU-avg: 0.1685
CIDEr: 0.4079
----------------------------------------
[08:49:07] Epoch 4
BLEU Score : 0.0000
CIDEr Score: 0.0000
BLEU-1: 0.2057
BLEU-2: 0.1790
BLEU-3: 0.1578
BLEU-4: 0.1354
BLEU-avg: 0.1695
CIDEr: 0.3172
----------------------------------------
[08:50:06] Epoch 5
BLEU Score : 0.0000
CIDEr Score: 0.0000
BLEU-1: 0.2111
BLEU-2: 0.1860
BLEU-3: 0.1648
BLEU-4: 0.1425
BLEU-avg: 0.1761
CIDEr: 0.4572
----------------------------------------
[08:51:03] Epoch 6
BLEU Score : 0.0000
CIDEr Score: 0.0000
BLEU-1: 0.2083
BLEU-2: 0.1817
BLEU-3: 0.1594
BLEU-4: 0.1353
BLEU-avg: 0.1712
CIDEr: 0.3548
----------------------------------------
[08:52:01] Epoch 7
BLEU Score : 0.0000
CIDEr Score: 0.0000
BLEU-1: 0.2294
BLEU-2: 0.2016
BLEU-3: 0.1787
BLEU-4: 0.1547
BLEU-avg: 0.1911
CIDEr: 0.5550
----------------------------------------
[08:52:58] Epoch 8
BLEU Score : 0.0000
CIDEr Score: 0.0000
BLEU-1: 0.2235
BLEU-2: 0.1951
BLEU-3: 0.1721
BLEU-4: 0.1483
BLEU-avg: 0.1848
CIDEr: 0.4367
----------------------------------------
