[11:26:24] Epoch 1
BLEU Score : 0.0000
CIDEr Score: 0.0000
BLEU-1: 0.3626
BLEU-2: 0.3328
BLEU-3: 0.3145
BLEU-4: 0.2991
BLEU-avg: 0.3272
CIDEr: 0.0128
----------------------------------------
[11:27:10] Epoch 1
BLEU Score : 0.0000
CIDEr Score: 0.0000
BLEU-1: 0.0002
BLEU-2: 0.0001
BLEU-3: 0.0000
BLEU-4: 0.0000
BLEU-avg: 0.0001
CIDEr: 0.0000
----------------------------------------
[11:28:03] Epoch 1
BLEU Score : 0.0000
CIDEr Score: 0.0000
BLEU-1: 0.0002
BLEU-2: 0.0001
BLEU-3: 0.0000
BLEU-4: 0.0000
BLEU-avg: 0.0001
CIDEr: 0.0000
----------------------------------------
[11:28:57] Epoch 1
BLEU Score : 0.0000
CIDEr Score: 0.0000
BLEU-1: 0.3626
BLEU-2: 0.3328
BLEU-3: 0.3145
BLEU-4: 0.2991
BLEU-avg: 0.3272
CIDEr: 0.0128
----------------------------------------
[11:32:59] Epoch 1
BLEU Score : 0.0000
CIDEr Score: 0.0000
BLEU-1: 0.0002
BLEU-2: 0.0001
BLEU-3: 0.0000
BLEU-4: 0.0000
BLEU-avg: 0.0001
CIDEr: 0.0000
----------------------------------------
[11:33:50] Epoch 1
BLEU Score : 0.0000
CIDEr Score: 0.0000
BLEU-1: 0.0769
BLEU-2: 0.0317
BLEU-3: 0.0188
BLEU-4: 0.0125
BLEU-avg: 0.0350
CIDEr: 0.0000
----------------------------------------
[11:34:21] Epoch 1
BLEU Score : 0.0000
CIDEr Score: 0.0000
BLEU-1: 0.3824
BLEU-2: 0.3412
BLEU-3: 0.3195
BLEU-4: 0.3026
BLEU-avg: 0.3364
CIDEr: 0.0487
----------------------------------------
[11:34:51] Epoch 2
BLEU Score : 0.0000
CIDEr Score: 0.0000
BLEU-1: 0.3824
BLEU-2: 0.3604
BLEU-3: 0.3311
BLEU-4: 0.3107
BLEU-avg: 0.3461
CIDEr: 0.0513
----------------------------------------
[11:35:22] Epoch 3
BLEU Score : 0.0000
CIDEr Score: 0.0000
BLEU-1: 0.3827
BLEU-2: 0.3412
BLEU-3: 0.3196
BLEU-4: 0.3026
BLEU-avg: 0.3365
CIDEr: 0.0059
----------------------------------------
[11:35:53] Epoch 4
BLEU Score : 0.0000
CIDEr Score: 0.0000
BLEU-1: 0.3827
BLEU-2: 0.3591
BLEU-3: 0.3404
BLEU-4: 0.3217
BLEU-avg: 0.3510
CIDEr: 0.0045
----------------------------------------
[11:36:23] Epoch 5
BLEU Score : 0.0000
CIDEr Score: 0.0000
BLEU-1: 0.3739
BLEU-2: 0.3323
BLEU-3: 0.3104
BLEU-4: 0.2933
BLEU-avg: 0.3275
CIDEr: 0.0037
----------------------------------------
[11:36:54] Epoch 6
BLEU Score : 0.0000
CIDEr Score: 0.0000
BLEU-1: 0.3208
BLEU-2: 0.2778
BLEU-3: 0.2548
BLEU-4: 0.2364
BLEU-avg: 0.2724
CIDEr: 0.0029
----------------------------------------
[11:37:11] Epoch 1
BLEU Score : 0.0000
CIDEr Score: 0.0000
BLEU-1: 0.0987
BLEU-2: 0.0817
BLEU-3: 0.0611
BLEU-4: 0.0412
BLEU-avg: 0.0707
CIDEr: 0.0000
----------------------------------------
[11:43:21] Epoch 1
BLEU Score : 0.0000
CIDEr Score: 0.0000
BLEU-1: 0.0002
BLEU-2: 0.0001
BLEU-3: 0.0000
BLEU-4: 0.0000
BLEU-avg: 0.0001
CIDEr: 0.0000
----------------------------------------
[11:53:44] Epoch 1
BLEU Score : 0.0000
CIDEr Score: 0.0000
BLEU-1: 0.0048
BLEU-2: 0.0011
BLEU-3: 0.0007
BLEU-4: 0.0005
BLEU-avg: 0.0018
CIDEr: 0.0000
----------------------------------------
[12:02:39] Epoch 1
BLEU Score : 0.0000
CIDEr Score: 0.0000
BLEU-1: 0.0048
BLEU-2: 0.0011
BLEU-3: 0.0007
BLEU-4: 0.0005
BLEU-avg: 0.0018
CIDEr: 0.0000
----------------------------------------
[12:03:09] Epoch 2
BLEU Score : 0.0000
CIDEr Score: 0.0000
BLEU-1: 0.3827
BLEU-2: 0.3412
BLEU-3: 0.3196
BLEU-4: 0.3026
BLEU-avg: 0.3365
CIDEr: 0.0048
----------------------------------------
[12:03:39] Epoch 3
BLEU Score : 0.0000
CIDEr Score: 0.0000
BLEU-1: 0.6423
BLEU-2: 0.5507
BLEU-3: 0.5143
BLEU-4: 0.4905
BLEU-avg: 0.5494
CIDEr: 0.2548
----------------------------------------
[12:04:09] Epoch 4
BLEU Score : 0.0000
CIDEr Score: 0.0000
BLEU-1: 0.3739
BLEU-2: 0.3265
BLEU-3: 0.3027
BLEU-4: 0.2846
BLEU-avg: 0.3219
CIDEr: 0.0037
----------------------------------------
[12:04:40] Epoch 5
BLEU Score : 0.0000
CIDEr Score: 0.0000
BLEU-1: 0.3447
BLEU-2: 0.2882
BLEU-3: 0.2611
BLEU-4: 0.2409
BLEU-avg: 0.2837
CIDEr: 0.0031
----------------------------------------
[12:05:10] Epoch 6
BLEU Score : 0.0000
CIDEr Score: 0.0000
BLEU-1: 0.3208
BLEU-2: 0.2630
BLEU-3: 0.2352
BLEU-4: 0.2143
BLEU-avg: 0.2583
CIDEr: 0.0029
----------------------------------------
[12:05:41] Epoch 7
BLEU Score : 0.0000
CIDEr Score: 0.0000
BLEU-1: 0.3186
BLEU-2: 0.2444
BLEU-3: 0.2118
BLEU-4: 0.1883
BLEU-avg: 0.2407
CIDEr: 0.0045
----------------------------------------
[12:06:11] Epoch 8
BLEU Score : 0.0000
CIDEr Score: 0.0000
BLEU-1: 0.2116
BLEU-2: 0.1183
BLEU-3: 0.0777
BLEU-4: 0.0492
BLEU-avg: 0.1142
CIDEr: 0.0020
----------------------------------------
[12:06:42] Epoch 9
BLEU Score : 0.0000
CIDEr Score: 0.0000
BLEU-1: 0.2248
BLEU-2: 0.1653
BLEU-3: 0.1210
BLEU-4: 0.0858
BLEU-avg: 0.1492
CIDEr: 0.0407
----------------------------------------
[12:07:12] Epoch 10
BLEU Score : 0.0000
CIDEr Score: 0.0000
BLEU-1: 0.2248
BLEU-2: 0.1653
BLEU-3: 0.1210
BLEU-4: 0.0858
BLEU-avg: 0.1492
CIDEr: 0.0407
----------------------------------------
[12:07:43] Epoch 11
BLEU Score : 0.0000
CIDEr Score: 0.0000
BLEU-1: 0.2557
BLEU-2: 0.1760
BLEU-3: 0.1260
BLEU-4: 0.0884
BLEU-avg: 0.1615
CIDEr: 0.0407
----------------------------------------
[12:08:13] Epoch 12
BLEU Score : 0.0000
CIDEr Score: 0.0000
BLEU-1: 0.2013
BLEU-2: 0.1369
BLEU-3: 0.1109
BLEU-4: 0.0882
BLEU-avg: 0.1343
CIDEr: 0.1045
----------------------------------------
[12:08:43] Epoch 13
BLEU Score : 0.0000
CIDEr Score: 0.0000
BLEU-1: 0.2013
BLEU-2: 0.1369
BLEU-3: 0.1109
BLEU-4: 0.0882
BLEU-avg: 0.1343
CIDEr: 0.1045
----------------------------------------
[12:11:16] Epoch 1
BLEU Score : 0.0000
CIDEr Score: 0.0000
BLEU-1: 0.0196
BLEU-2: 0.0084
BLEU-3: 0.0050
BLEU-4: 0.0034
BLEU-avg: 0.0091
CIDEr: 0.0023
----------------------------------------
[12:30:51] Epoch 1
BLEU Score : 0.0000
CIDEr Score: 0.0000
BLEU-1: 0.0527
BLEU-2: 0.0250
BLEU-3: 0.0156
BLEU-4: 0.0106
BLEU-avg: 0.0260
CIDEr: 0.0048
----------------------------------------
[15:58:58] Epoch 1
BLEU Score : 0.0000
CIDEr Score: 0.0000
BLEU-1: 0.1892
BLEU-2: 0.1582
BLEU-3: 0.1362
BLEU-4: 0.1155
BLEU-avg: 0.1497
CIDEr: 0.1979
----------------------------------------
[15:59:35] Epoch 2
BLEU Score : 0.0000
CIDEr Score: 0.0000
BLEU-1: 0.2600
BLEU-2: 0.2197
BLEU-3: 0.1930
BLEU-4: 0.1687
BLEU-avg: 0.2104
CIDEr: 0.6884
----------------------------------------
[16:00:12] Epoch 3
BLEU Score : 0.0000
CIDEr Score: 0.0000
BLEU-1: 0.2875
BLEU-2: 0.2435
BLEU-3: 0.2143
BLEU-4: 0.1799
BLEU-avg: 0.2313
CIDEr: 0.7123
----------------------------------------
[16:00:50] Epoch 4
BLEU Score : 0.0000
CIDEr Score: 0.0000
BLEU-1: 0.2875
BLEU-2: 0.2435
BLEU-3: 0.2143
BLEU-4: 0.1799
BLEU-avg: 0.2313
CIDEr: 0.7123
----------------------------------------
[16:01:28] Epoch 5
BLEU Score : 0.0000
CIDEr Score: 0.0000
BLEU-1: 0.2875
BLEU-2: 0.2435
BLEU-3: 0.2143
BLEU-4: 0.1799
BLEU-avg: 0.2313
CIDEr: 0.7123
----------------------------------------
[16:02:05] Epoch 6
BLEU Score : 0.0000
CIDEr Score: 0.0000
BLEU-1: 0.2875
BLEU-2: 0.2435
BLEU-3: 0.2143
BLEU-4: 0.1799
BLEU-avg: 0.2313
CIDEr: 0.7123
----------------------------------------
[16:02:44] Epoch 7
BLEU Score : 0.0000
CIDEr Score: 0.0000
BLEU-1: 0.2875
BLEU-2: 0.2435
BLEU-3: 0.2143
BLEU-4: 0.1799
BLEU-avg: 0.2313
CIDEr: 0.7123
----------------------------------------
[16:03:21] Epoch 8
BLEU Score : 0.0000
CIDEr Score: 0.0000
BLEU-1: 0.2875
BLEU-2: 0.2435
BLEU-3: 0.2143
BLEU-4: 0.1799
BLEU-avg: 0.2313
CIDEr: 0.7123
----------------------------------------
[16:03:58] Epoch 9
BLEU Score : 0.0000
CIDEr Score: 0.0000
BLEU-1: 0.2875
BLEU-2: 0.2435
BLEU-3: 0.2143
BLEU-4: 0.1799
BLEU-avg: 0.2313
CIDEr: 0.7123
----------------------------------------
[16:04:36] Epoch 10
BLEU Score : 0.0000
CIDEr Score: 0.0000
BLEU-1: 0.2875
BLEU-2: 0.2435
BLEU-3: 0.2143
BLEU-4: 0.1799
BLEU-avg: 0.2313
CIDEr: 0.7123
----------------------------------------
[18:30:26] Epoch 1
BLEU Score : 0.0000
CIDEr Score: 0.0000
BLEU-1: 0.1819
BLEU-2: 0.1523
BLEU-3: 0.1309
BLEU-4: 0.1110
BLEU-avg: 0.1440
CIDEr: 0.1516
----------------------------------------
[18:31:03] Epoch 2
BLEU Score : 0.0000
CIDEr Score: 0.0000
BLEU-1: 0.2331
BLEU-2: 0.1998
BLEU-3: 0.1750
BLEU-4: 0.1520
BLEU-avg: 0.1900
CIDEr: 0.5413
----------------------------------------
[18:31:40] Epoch 3
BLEU Score : 0.0000
CIDEr Score: 0.0000
BLEU-1: 0.2742
BLEU-2: 0.2328
BLEU-3: 0.2059
BLEU-4: 0.1801
BLEU-avg: 0.2233
CIDEr: 0.7474
----------------------------------------
[18:32:17] Epoch 4
BLEU Score : 0.0000
CIDEr Score: 0.0000
BLEU-1: 0.2487
BLEU-2: 0.2134
BLEU-3: 0.1899
BLEU-4: 0.1677
BLEU-avg: 0.2049
CIDEr: 0.6266
----------------------------------------
[18:32:55] Epoch 5
BLEU Score : 0.0000
CIDEr Score: 0.0000
BLEU-1: 0.2641
BLEU-2: 0.2251
BLEU-3: 0.1992
BLEU-4: 0.1750
BLEU-avg: 0.2158
CIDEr: 0.7004
----------------------------------------
[18:33:32] Epoch 6
BLEU Score : 0.0000
CIDEr Score: 0.0000
BLEU-1: 0.2386
BLEU-2: 0.2069
BLEU-3: 0.1810
BLEU-4: 0.1507
BLEU-avg: 0.1943
CIDEr: 0.5420
----------------------------------------
[18:34:09] Epoch 7
BLEU Score : 0.0000
CIDEr Score: 0.0000
BLEU-1: 0.2613
BLEU-2: 0.2238
BLEU-3: 0.1988
BLEU-4: 0.1740
BLEU-avg: 0.2145
CIDEr: 0.5896
----------------------------------------
[18:34:46] Epoch 8
BLEU Score : 0.0000
CIDEr Score: 0.0000
BLEU-1: 0.2738
BLEU-2: 0.2327
BLEU-3: 0.2052
BLEU-4: 0.1793
BLEU-avg: 0.2228
CIDEr: 0.7069
----------------------------------------
[18:35:23] Epoch 9
BLEU Score : 0.0000
CIDEr Score: 0.0000
BLEU-1: 0.2549
BLEU-2: 0.2167
BLEU-3: 0.1885
BLEU-4: 0.1579
BLEU-avg: 0.2045
CIDEr: 0.5401
----------------------------------------
[18:36:00] Epoch 10
BLEU Score : 0.0000
CIDEr Score: 0.0000
BLEU-1: 0.2687
BLEU-2: 0.2275
BLEU-3: 0.2003
BLEU-4: 0.1742
BLEU-avg: 0.2177
CIDEr: 0.6887
----------------------------------------
[18:36:37] Epoch 11
BLEU Score : 0.0000
CIDEr Score: 0.0000
BLEU-1: 0.2878
BLEU-2: 0.2435
BLEU-3: 0.2106
BLEU-4: 0.1786
BLEU-avg: 0.2301
CIDEr: 0.7394
----------------------------------------
[18:37:14] Epoch 12
BLEU Score : 0.0000
CIDEr Score: 0.0000
BLEU-1: 0.2813
BLEU-2: 0.2400
BLEU-3: 0.2092
BLEU-4: 0.1764
BLEU-avg: 0.2267
CIDEr: 0.6865
----------------------------------------
[18:37:51] Epoch 13
BLEU Score : 0.0000
CIDEr Score: 0.0000
BLEU-1: 0.2708
BLEU-2: 0.2284
BLEU-3: 0.2007
BLEU-4: 0.1750
BLEU-avg: 0.2187
CIDEr: 0.7225
----------------------------------------
[18:38:28] Epoch 14
BLEU Score : 0.0000
CIDEr Score: 0.0000
BLEU-1: 0.2897
BLEU-2: 0.2429
BLEU-3: 0.2107
BLEU-4: 0.1781
BLEU-avg: 0.2303
CIDEr: 0.7303
----------------------------------------
[18:39:05] Epoch 15
BLEU Score : 0.0000
CIDEr Score: 0.0000
BLEU-1: 0.2837
BLEU-2: 0.2417
BLEU-3: 0.2102
BLEU-4: 0.1761
BLEU-avg: 0.2279
CIDEr: 0.6864
----------------------------------------
[18:39:42] Epoch 16
BLEU Score : 0.0000
CIDEr Score: 0.0000
BLEU-1: 0.2991
BLEU-2: 0.2541
BLEU-3: 0.2202
BLEU-4: 0.1846
BLEU-avg: 0.2395
CIDEr: 0.7603
----------------------------------------
[18:40:19] Epoch 17
BLEU Score : 0.0000
CIDEr Score: 0.0000
BLEU-1: 0.2874
BLEU-2: 0.2457
BLEU-3: 0.2167
BLEU-4: 0.1879
BLEU-avg: 0.2344
CIDEr: 0.7694
----------------------------------------
[18:40:56] Epoch 18
BLEU Score : 0.0000
CIDEr Score: 0.0000
BLEU-1: 0.3081
BLEU-2: 0.2643
BLEU-3: 0.2305
BLEU-4: 0.1961
BLEU-avg: 0.2497
CIDEr: 0.7695
----------------------------------------
[20:04:04] Epoch 1
BLEU Score : 0.0000
CIDEr Score: 0.0000
BLEU-1: 0.1988
BLEU-2: 0.1711
BLEU-3: 0.1477
BLEU-4: 0.1242
BLEU-avg: 0.1605
CIDEr: 0.3148
----------------------------------------
[20:05:31] Epoch 2
BLEU Score : 0.0000
CIDEr Score: 0.0000
BLEU-1: 0.2118
BLEU-2: 0.1818
BLEU-3: 0.1572
BLEU-4: 0.1329
BLEU-avg: 0.1709
CIDEr: 0.3987
----------------------------------------
[20:06:59] Epoch 3
BLEU Score : 0.0000
CIDEr Score: 0.0000
BLEU-1: 0.2046
BLEU-2: 0.1751
BLEU-3: 0.1511
BLEU-4: 0.1268
BLEU-avg: 0.1644
CIDEr: 0.4358
----------------------------------------
[20:08:36] Epoch 4
BLEU Score : 0.0000
CIDEr Score: 0.0000
BLEU-1: 0.2211
BLEU-2: 0.1915
BLEU-3: 0.1671
BLEU-4: 0.1423
BLEU-avg: 0.1805
CIDEr: 0.5169
----------------------------------------
[20:10:03] Epoch 5
BLEU Score : 0.0000
CIDEr Score: 0.0000
BLEU-1: 0.2244
BLEU-2: 0.1936
BLEU-3: 0.1692
BLEU-4: 0.1452
BLEU-avg: 0.1831
CIDEr: 0.5451
----------------------------------------
[20:11:31] Epoch 6
BLEU Score : 0.0000
CIDEr Score: 0.0000
BLEU-1: 0.2284
BLEU-2: 0.1967
BLEU-3: 0.1708
BLEU-4: 0.1442
BLEU-avg: 0.1850
CIDEr: 0.5948
----------------------------------------
[20:12:58] Epoch 7
BLEU Score : 0.0000
CIDEr Score: 0.0000
BLEU-1: 0.2187
BLEU-2: 0.1918
BLEU-3: 0.1695
BLEU-4: 0.1457
BLEU-avg: 0.1814
CIDEr: 0.4894
----------------------------------------
[20:14:25] Epoch 8
BLEU Score : 0.0000
CIDEr Score: 0.0000
BLEU-1: 0.2365
BLEU-2: 0.2045
BLEU-3: 0.1794
BLEU-4: 0.1538
BLEU-avg: 0.1935
CIDEr: 0.6277
----------------------------------------
[22:28:33] Epoch 1
BLEU Score : 0.0000
CIDEr Score: 0.0000
BLEU-1: 0.1218
BLEU-2: 0.0455
BLEU-3: 0.0255
BLEU-4: 0.0166
BLEU-avg: 0.0524
CIDEr: 0.0432
----------------------------------------
[22:42:33] Epoch 1
BLEU Score : 0.0000
CIDEr Score: 0.0000
BLEU-1: 0.1439
BLEU-2: 0.1229
BLEU-3: 0.1031
BLEU-4: 0.0832
BLEU-avg: 0.1132
CIDEr: 0.1048
----------------------------------------
[22:43:20] Epoch 2
BLEU Score : 0.0000
CIDEr Score: 0.0000
BLEU-1: 0.1816
BLEU-2: 0.1537
BLEU-3: 0.1308
BLEU-4: 0.1082
BLEU-avg: 0.1436
CIDEr: 0.2574
----------------------------------------
[22:44:08] Epoch 3
BLEU Score : 0.0000
CIDEr Score: 0.0000
BLEU-1: 0.1869
BLEU-2: 0.1611
BLEU-3: 0.1382
BLEU-4: 0.1153
BLEU-avg: 0.1503
CIDEr: 0.3538
----------------------------------------
[22:44:55] Epoch 4
BLEU Score : 0.0000
CIDEr Score: 0.0000
BLEU-1: 0.2149
BLEU-2: 0.1865
BLEU-3: 0.1622
BLEU-4: 0.1379
BLEU-avg: 0.1754
CIDEr: 0.4929
----------------------------------------
[22:45:42] Epoch 5
BLEU Score : 0.0000
CIDEr Score: 0.0000
BLEU-1: 0.2184
BLEU-2: 0.1877
BLEU-3: 0.1630
BLEU-4: 0.1378
BLEU-avg: 0.1767
CIDEr: 0.4198
----------------------------------------
[22:46:29] Epoch 6
BLEU Score : 0.0000
CIDEr Score: 0.0000
BLEU-1: 0.2218
BLEU-2: 0.1899
BLEU-3: 0.1649
BLEU-4: 0.1406
BLEU-avg: 0.1793
CIDEr: 0.4667
----------------------------------------
[22:47:16] Epoch 7
BLEU Score : 0.0000
CIDEr Score: 0.0000
BLEU-1: 0.2230
BLEU-2: 0.1930
BLEU-3: 0.1685
BLEU-4: 0.1436
BLEU-avg: 0.1820
CIDEr: 0.5087
----------------------------------------
[22:48:03] Epoch 8
BLEU Score : 0.0000
CIDEr Score: 0.0000
BLEU-1: 0.2262
BLEU-2: 0.1958
BLEU-3: 0.1714
BLEU-4: 0.1469
BLEU-avg: 0.1851
CIDEr: 0.5320
----------------------------------------
[22:51:38] Epoch 1
BLEU Score : 0.0000
CIDEr Score: 0.0000
BLEU-1: 0.1656
BLEU-2: 0.1386
BLEU-3: 0.1163
BLEU-4: 0.0945
BLEU-avg: 0.1288
CIDEr: 0.1371
----------------------------------------
[22:53:39] Epoch 1
BLEU Score : 0.0000
CIDEr Score: 0.0000
BLEU-1: 0.1973
BLEU-2: 0.1635
BLEU-3: 0.1379
BLEU-4: 0.1132
BLEU-avg: 0.1530
CIDEr: 0.2804
----------------------------------------
[22:55:21] Epoch 2
BLEU Score : 0.0000
CIDEr Score: 0.0000
BLEU-1: 0.2235
BLEU-2: 0.1921
BLEU-3: 0.1671
BLEU-4: 0.1418
BLEU-avg: 0.1812
CIDEr: 0.4675
----------------------------------------
[22:57:01] Epoch 3
BLEU Score : 0.0000
CIDEr Score: 0.0000
BLEU-1: 0.2254
BLEU-2: 0.1929
BLEU-3: 0.1674
BLEU-4: 0.1421
BLEU-avg: 0.1819
CIDEr: 0.4793
----------------------------------------
[22:58:41] Epoch 4
BLEU Score : 0.0000
CIDEr Score: 0.0000
BLEU-1: 0.2269
BLEU-2: 0.1958
BLEU-3: 0.1718
BLEU-4: 0.1458
BLEU-avg: 0.1851
CIDEr: 0.4359
----------------------------------------
[23:00:21] Epoch 5
BLEU Score : 0.0000
CIDEr Score: 0.0000
BLEU-1: 0.2303
BLEU-2: 0.1997
BLEU-3: 0.1751
BLEU-4: 0.1491
BLEU-avg: 0.1886
CIDEr: 0.5382
----------------------------------------
[23:02:01] Epoch 6
BLEU Score : 0.0000
CIDEr Score: 0.0000
BLEU-1: 0.2077
BLEU-2: 0.1832
BLEU-3: 0.1619
BLEU-4: 0.1381
BLEU-avg: 0.1727
CIDEr: 0.4207
----------------------------------------
